Reading tree BY
Executing blformat command...
Branch lengths assumed to be in units of numbers of substitutions per site
Number of sites in sequences set to 340981
All branch lengths multipled by the 340981 sites in the sequence
Branch lengths rounded to nearest integer
(This may not be a good idea when using CALIBRATE on ultrametric user supplied input trees. Use ROUND=NO then)
Defining clade name: Asco
Defining clade name: Euro
Defining clade name: Dothid
Defining clade name: Sordario
Setting minimum age constraint for taxon Asco to 438.000000
Setting maximum age constraint for taxon Asco to 449.000000
Setting minimum age constraint for taxon Sordario to 219.140000
Setting minimum age constraint for taxon Euro to 376.270000
Setting minimum age constraint for taxon Dothid to 350.140000
Begin cross-validation analyses...
+
+
+
+
+
+
+
+
+
+
+
+
+
+
+

.....................................................................

CV Results for smoothing = 1.000000:
Pruned taxon	Sq		ChiSq		Result
    Ncra	107835938.37	  915.46	Good
    Mory	25104187.32	  216.83	Good
    Fgra	2251385985.01	14176.35	Good
  AFPA01	11010656.92	  199.11	Good
    PV07	4536125.02	   85.21	Good
  NAJM01	7962593.76	  109.94	Good
   EURHE	62901822.09	  922.62	Good
    Afum	1480871494.08	17630.66	Good
   B0A54	7416624.76	  261.86	Good
   B0A55	277269617.39	 7236.88	Good
  MUNK01	3361926823.38	24237.77	Good
  NOXB01	2045462755.46	14337.75	Good
   B0A48	2820298354.48	19357.89	Good
    Ylip	1112600422.01	 3800.92	Good
    Scer	21674937530.95	95761.93	Good
+
+
+
+
+
+
+
+
+
+
+
+
+
+
+

.....................................................................

CV Results for smoothing = 3.162278:
Pruned taxon	Sq		ChiSq		Result
    Ncra	70901149.42	  612.11	Good
    Mory	10327334.24	   90.61	Good
    Fgra	1624155642.28	10708.85	Good
  AFPA01	14975815.96	  268.14	Good
    PV07	2295759.79	   42.63	Good
  NAJM01	13271502.67	  181.18	Good
   EURHE	139792819.91	 1939.70	Good
    Afum	1770863287.59	20216.81	Good
   B0A54	605203.15	   19.99	Good
   B0A55	361619753.70	 8889.75	Good
  MUNK01	4345948434.91	29635.28	Good
  NOXB01	2963715410.71	19514.04	Good
   B0A48	3841304356.09	24852.48	Good
    Ylip	59659144.51	  237.08	Good
    Scer	29505198819.44	146213.56	Good
+
+
+
+
+
+
+
+
+
+
+
+
+
+
+

.....................................................................

CV Results for smoothing = 10.000000:
Pruned taxon	Sq		ChiSq		Result
    Ncra	67282656.07	  581.97	Good
    Mory	9369768.03	   82.32	Good
    Fgra	1503669312.32	10015.04	Good
  AFPA01	28020443.84	  489.24	Good
    PV07	11686.01	    0.21	Good
  NAJM01	34693595.43	  459.54	Good
   EURHE	258250386.56	 3383.95	Good
    Afum	2173123951.89	23587.90	Good
   B0A54	367473.10	   11.61	Good
   B0A55	435234257.85	10234.96	Good
  MUNK01	5704242857.56	36507.05	Good
  NOXB01	4263357451.78	26198.90	Good
   B0A48	5284419404.16	31972.53	Good
    Ylip	1202726367.25	 5353.00	Good
    Scer	35588440162.40	192456.28	Good
+
+
+
+
+
+
+
+
+
+
+
+
+
+
+

.....................................................................

CV Results for smoothing = 31.622777:
Pruned taxon	Sq		ChiSq		Result
    Ncra	75049811.29	  646.57	Good
    Mory	12673945.71	  110.86	Good
    Fgra	1529269474.69	10163.29	Good
  AFPA01	39993818.22	  685.95	Good
    PV07	801848.95	   14.25	Good
  NAJM01	56648480.68	  734.42	Good
   EURHE	352656593.38	 4462.59	Good
    Afum	2463966400.26	25895.50	Good
   B0A54	1593635.90	   49.33	Good
   B0A55	473768098.57	10909.22	Good
  MUNK01	6599822239.45	40748.88	Good
  NOXB01	5138619796.81	30384.43	Good
   B0A48	6248189989.29	36404.68	Good
    Ylip	2207226358.26	10392.72	Good
    Scer	38618126525.94	218118.60	Good
+
+
+
+
+
+
+
+
+
+
+
+
+
+
+

.....................................................................

CV Results for smoothing = 100.000000:
Pruned taxon	Sq		ChiSq		Result
    Ncra	80271639.12	  689.80	Good
    Mory	16980711.27	  147.80	Good
    Fgra	1555078569.34	10312.30	Good
  AFPA01	45902794.47	  781.26	Good
    PV07	1777174.54	   31.34	Good
  NAJM01	68031436.86	  873.82	Good
   EURHE	397646968.69	 4958.99	Good
    Afum	2595571627.54	26908.62	Good
   B0A54	2279432.98	   70.02	Good
   B0A55	488868405.88	11168.42	Good
  MUNK01	6988626202.30	42530.07	Good
  NOXB01	5522125589.35	32152.67	Good
   B0A48	6668669798.41	38271.16	Good
    Ylip	2651333460.69	12754.65	Good
    Scer	39770374755.29	228380.45	Good
+
+
+
+
+
+
+
+
+
+
+
+
+
+
+

.....................................................................

CV Results for smoothing = 316.227766:
Pruned taxon	Sq		ChiSq		Result
    Ncra	82370973.60	  707.13	Good
    Mory	18807919.60	  163.40	Good
    Fgra	1565946443.65	10374.90	Good
  AFPA01	48092518.84	  816.31	Good
    PV07	2213834.88	   38.94	Good
  NAJM01	72327254.99	  925.95	Good
   EURHE	414172104.34	 5138.79	Good
    Afum	2642965363.03	27269.06	Good
   B0A54	2538174.50	   77.76	Good
   B0A55	494027596.01	11256.37	Good
  MUNK01	7126626277.10	43154.18	Good
  NOXB01	5658694788.92	32773.57	Good
   B0A48	6818158263.11	38925.73	Good
    Ylip	2808237693.06	13607.77	Good
    Scer	40159163763.65	231908.04	Good
+
+
+
+
+
+
+
+
+
+
+
+
+
+
+

.....................................................................

CV Results for smoothing = 1000.000000:
Pruned taxon	Sq		ChiSq		Result
    Ncra	83087277.62	  713.04	Good
    Mory	19444832.31	  168.83	Good
    Fgra	1569699065.70	10396.50	Good
  AFPA01	48822187.77	  827.95	Good
    PV07	2367536.74	   41.60	Good
  NAJM01	73767459.92	  943.37	Good
   EURHE	419665014.71	 5198.27	Good
    Afum	2658614099.39	27387.57	Good
   B0A54	2624728.14	   80.35	Good
   B0A55	495701467.58	11284.83	Good
  MUNK01	7171977138.72	43358.39	Good
  NOXB01	5703624254.77	32976.87	Good
   B0A48	6867310205.74	39139.96	Good
    Ylip	2859658107.40	13889.44	Good
    Scer	40284765451.12	233054.78	Good
+
+
+
+
+
+
+
+
+
+
+
+
+
+
+

.....................................................................

CV Results for smoothing = 3162.277660:
Pruned taxon	Sq		ChiSq		Result
    Ncra	83320773.13	  714.97	Good
    Mory	19652659.18	  170.60	Good
    Fgra	1570917711.47	10403.51	Good
  AFPA01	49056804.03	  831.70	Good
    PV07	2417812.13	   42.48	Good
  NAJM01	74231457.83	  948.98	Good
   EURHE	421429844.48	 5217.35	Good
    Afum	2663633197.02	27425.53	Good
   B0A54	2652587.90	   81.18	Good
   B0A55	496235178.75	11293.90	Good
  MUNK01	7186504427.42	43423.71	Good
  NOXB01	5718015622.22	33041.88	Good
   B0A48	6883048234.13	39208.45	Good
    Ylip	2876086415.41	13979.65	Good
    Scer	40324735388.73	233420.44	Good
********************************************************************************

Results of cross validation analysis for tree BY
Method = Penalized Likelihood

log10
smooth	smooth		Sq Error	Chi Square Error
--------------------------------------------------------------------------------
  0.00	     1		35251520930.99	199251.18	(Good)
  0.50	   3.2		44724634434.37	263422.21	(Good)
  1.00	    10		56553209774.27	341334.48	(Good)
  1.50	    32		63818407017.40	389721.30	(Good)
  2.00	 1e+02		66853538566.75	410031.37	(Good)
  2.50	3.2e+02		67914342969.28	417137.89	(Good)
  3.00	 1e+03		68261128827.64	419461.74	(Good)
  3.50	3.2e+03		68371938113.82	420204.30	(Good)
********************************************************************************

Optimum:   0.00	     1		35251520930.99	199251.18
********************************************************************************

[Printing tree 1]

[CHRONOGRAM of tree BY]
                +-------------Ncra
              +-+4
  +-----------+Sordario-------Mory
  |           |
  |           +---------------Fgra
  |
  |                   +-------AFPA01
  |                  ++11
+-+2+----------------+10------PV07
| | |                |
| +-+Euro            +--------NAJM01
| | |
| | |                +--------EURHE
| | +----------------+15
| |                  +--------Afum
| +8
| |                      +----B0A54
+Asco          +---------+20
| |   +--------+19       +----B0A55
| |   |        |
| +---+Dothid  +--------------MUNK01
|     |
|     |       +---------------NOXB01
|     +-------+24
|             +---------------B0A48
|
|        +--------------------Ylip
+--------+27
         +--------------------Scer

[Printing tree 1]

[TREE DESCRIPTION of tree BY]

tree BY = ((((Ncra:186.723658,Mory:186.723658):39.797627,Fgra:226.521285)Sordario:184.220490,((((AFPA01:93.307029,PV07:93.307029):30.105847,NAJM01:123.412876):252.857124,(EURHE:113.761172,Afum:113.761172):262.508828)Euro:27.070378,(((B0A54:53.346186,B0A55:53.346186):153.621065,MUNK01:206.967251):143.172749,(NOXB01:229.316881,B0A48:229.316881):120.823119)Dothid:53.200378):7.401396):38.258226,(Ylip:294.878746,Scer:294.878746):154.121254)Asco;
[Printing tree 1]

[TREE DESCRIPTION of tree BY]

tree BY = ((((Ncra:186.723658,Mory:186.723658):39.797627,Fgra:226.521285)Sordario:184.220490,((((AFPA01:93.307029,PV07:93.307029):30.105847,NAJM01:123.412876):252.857124,(EURHE:113.761172,Afum:113.761172):262.508828)Euro:27.070378,(((B0A54:53.346186,B0A55:53.346186):153.621065,MUNK01:206.967251):143.172749,(NOXB01:229.316881,B0A48:229.316881):120.823119)Dothid:53.200378):7.401396):38.258226,(Ylip:294.878746,Scer:294.878746):154.121254)Asco;
-----------------------------------------------------------------------------------------
Estimated ages and substitution rates for tree BY

Reconstruction method: Penalized likelihood
Named internal nodes indicated by [*]
Rates are for branches subtending indicated node
Rates are in units of substitutions per site per unit time

				  Constraints				Rates
	Node	   Fix [Mod]	  Min	  Max	  Age		Estimated	Local
-----------------------------------------------------------------------------------------
 [*]  Asco	       [0] 	 438.00	 449.00	 449.00		
     (2)	       [0] 	   --      --	 410.74		1.7177e-03	1.0391e-02
 [*]  Sordario	       [0] 	 219.14	   --	 226.52		1.7177e-03	1.4332e-03
     (4)	       [0] 	   --      --	 186.72		1.7177e-03	1.7090e-03
      Ncra	     * [0] 	   --      --	   0.00		1.7177e-03	1.6870e-03
      Mory	     * [0] 	   --      --	   0.00		1.7177e-03	1.7397e-03
      Fgra	     * [0] 	   --      --	   0.00		1.7177e-03	1.4418e-03
     (8)	       [0] 	   --      --	 403.34		1.7176e-03	1.0675e-02
 [*]  Euro	       [0] 	 376.27	   --	 376.27		1.7175e-03	5.1775e-03
     (10)	       [0] 	   --      --	 123.41		1.7175e-03	1.5931e-03
     (11)	       [0] 	   --      --	  93.31		1.7175e-03	1.6565e-03
      AFPA01	     * [0] 	   --      --	   0.00		1.7175e-03	1.6338e-03
      PV07	     * [0] 	   --      --	   0.00		1.7175e-03	1.7402e-03
      NAJM01	     * [0] 	   --      --	   0.00		1.7175e-03	1.6541e-03
     (15)	       [0] 	   --      --	 113.76		1.7174e-03	1.0090e-03
      EURHE	     * [0] 	   --      --	   0.00		1.7174e-03	1.5531e-03
      Afum	     * [0] 	   --      --	   0.00		1.7174e-03	1.1733e-03
 [*]  Dothid	       [0] 	 350.14	   --	 350.14		1.7174e-03	7.2153e-03
     (19)	       [0] 	   --      --	 206.97		1.7173e-03	6.0691e-04
     (20)	       [0] 	   --      --	  53.35		1.7173e-03	1.1803e-03
      B0A54	     * [0] 	   --      --	   0.00		1.7173e-03	1.7068e-03
      B0A55	     * [0] 	   --      --	   0.00		1.7173e-03	1.1909e-03
      MUNK01	     * [0] 	   --      --	   0.00		1.7173e-03	1.1439e-03
     (24)	       [0] 	   --      --	 229.32		1.7173e-03	7.1289e-04
      NOXB01	     * [0] 	   --      --	   0.00		1.7173e-03	1.2461e-03
      B0A48	     * [0] 	   --      --	   0.00		1.7173e-03	1.1841e-03
     (27)	       [0] 	   --      --	 294.88		1.7181e-03	2.5794e-03
      Ylip	     * [0] 	   --      --	   0.00		1.7182e-03	2.5795e-03
      Scer	     * [0] 	   --      --	   0.00		1.8315e-03	3.7153e-03
-----------------------------------------------------------------------------------------

Summary of rate variation (substitutions per site per unit time)
  Mean    = 0.001722
  Std Dev = 2.155e-05
  Min     = 0.001717
  Max     = 0.001832
  Range   = 0.0001142
  Ratio   =  1.067
